<?xml version="1.0" encoding="UTF-8"?>
<!-- Generated by org.testng.reporters.JUnitReportReporter -->
<testsuite hostname="LAPTOP-LD9E33NK" failures="0" tests="4" name="dataDrivenTesting.DataDrivenTest" time="0.004" errors="0" timestamp="2022-11-26T22:00:02 IST" skipped="0">
  <testcase classname="dataDrivenTesting.DataDrivenTest" name="loginPage" time="0.001"/>
  <system-out/>
  <testcase classname="dataDrivenTesting.DataDrivenTest" name="loginPage" time="0.001"/>
  <system-out/>
  <testcase classname="dataDrivenTesting.DataDrivenTest" name="loginPage" time="0.001"/>
  <system-out/>
  <testcase classname="dataDrivenTesting.DataDrivenTest" name="loginPage" time="0.001"/>
  <system-out/>
</testsuite> <!-- dataDrivenTesting.DataDrivenTest -->
